<?xml version="1.0" encoding="UTF-8"?>
<!-- Generated by org.testng.reporters.JUnitReportReporter -->
<testsuite hostname="DESKTOP-6HF66GS" failures="0" tests="2" name="Suchithra.MasterAutomation.API" time="2.857" errors="0" timestamp="2024-01-26T11:26:50 IST" skipped="0">
  <testcase classname="Suchithra.MasterAutomation.API" name="getMethod" time="1.753"/>
  <system-out/>
  <testcase classname="Suchithra.MasterAutomation.API" name="postMethod" time="1.104"/>
  <system-out/>
</testsuite> <!-- Suchithra.MasterAutomation.API -->
